<?xml version="1.0" encoding="UTF-8"?>
<testng-results ignored="0" total="1" passed="1" failed="0" skipped="0">
  <reporter-output>
  </reporter-output>
  <suite started-at="2022-03-23T21:41:38 EDT" name="Default suite" finished-at="2022-03-23T21:41:55 EDT" duration-ms="16428">
    <groups>
    </groups>
    <test started-at="2022-03-23T21:41:38 EDT" name="Default test" finished-at="2022-03-23T21:41:55 EDT" duration-ms="16428">
      <class name="Walmartpackage.Wal">
        <test-method is-config="true" signature="intialisation()[pri:0, instance:Walmartpackage.Wal@71809907]" started-at="2022-03-23T21:41:38 EDT" name="intialisation" finished-at="2022-03-23T21:41:38 EDT" duration-ms="15" status="PASS">
          <reporter-output>
          </reporter-output>
        </test-method> <!-- intialisation -->
        <test-method is-config="true" signature="setup()[pri:0, instance:Walmartpackage.Wal@71809907]" started-at="2022-03-23T21:41:38 EDT" name="setup" finished-at="2022-03-23T21:41:43 EDT" duration-ms="4098" status="PASS">
          <reporter-output>
          </reporter-output>
        </test-method> <!-- setup -->
        <test-method signature="CreateAccount()[pri:0, instance:Walmartpackage.Wal@71809907]" started-at="2022-03-23T21:41:43 EDT" name="CreateAccount" finished-at="2022-03-23T21:41:55 EDT" duration-ms="12261" status="PASS">
          <reporter-output>
          </reporter-output>
        </test-method> <!-- CreateAccount -->
      </class> <!-- Walmartpackage.Wal -->
    </test> <!-- Default test -->
  </suite> <!-- Default suite -->
</testng-results>
